<?xml version="1.0" encoding="UTF-8"?>
<!-- Generated by org.testng.reporters.JUnitReportReporter -->
<testsuite hostname="SWLAP188" failures="0" tests="1" name="vidhyaPrakashAutomation.Amazon.OrderSearch" time="9.852" errors="0" timestamp="2024-08-13T12:54:52 IST" skipped="0">
  <testcase classname="vidhyaPrakashAutomation.Amazon.OrderSearch" name="orderSearch" time="9.852"/>
  <system-out/>
</testsuite> <!-- vidhyaPrakashAutomation.Amazon.OrderSearch -->
