<?xml version="1.0" encoding="UTF-8"?>
<!-- Generated by org.testng.reporters.JUnitReportReporter -->
<testsuite hostname="DESKTOP-R0DDCFO" failures="0" tests="1" name="vidhyaPrakashAutomation.Amazon.OrderSearch" time="13.518" errors="0" timestamp="2024-08-13T17:04:35 IST" skipped="0">
  <testcase classname="vidhyaPrakashAutomation.Amazon.OrderSearch" name="orderSearch" time="13.518"/>
</testsuite> <!-- vidhyaPrakashAutomation.Amazon.OrderSearch -->
