<?xml version="1.0" encoding="UTF-8"?>
<!-- Generated by org.testng.reporters.JUnitReportReporter -->
<testsuite hostname="SWLAP188" failures="0" tests="1" name="vidhyaPrakashAutomation.Amazon.OrderSearch" time="14.729" errors="0" timestamp="2024-08-13T13:59:33 IST" skipped="0">
  <testcase classname="vidhyaPrakashAutomation.Amazon.OrderSearch" name="orderSearch" time="14.729"/>
  <system-out/>
</testsuite> <!-- vidhyaPrakashAutomation.Amazon.OrderSearch -->
