<?xml version="1.0" encoding="UTF-8"?>
<!-- Generated by org.testng.reporters.JUnitReportReporter -->
<testsuite hostname="DESKTOP-R0DDCFO" failures="0" tests="1" name="vidhyaPrakashAutomation.Amazon.OrderSearch" time="14.927" errors="0" timestamp="2024-10-09T00:55:31 IST" skipped="0">
  <testcase classname="vidhyaPrakashAutomation.Amazon.OrderSearch" name="orderSearch" time="14.927"/>
</testsuite> <!-- vidhyaPrakashAutomation.Amazon.OrderSearch -->
